Build started 09-05-2014 11:58:15.
Project "C:\Users\User\Documents\GitHub\CG_SistemaSolar\catmullrom\catmullrom\catmullrom.vcxproj" on node 2 (Build target(s)).
ClCompile:
  C:\Program Files (x86)\Microsoft Visual Studio 11.0\VC\bin\CL.exe /c /ZI /nologo /W3 /WX- /Od /Oy- /D WIN32 /D _DEBUG /D _CONSOLE /D _UNICODE /D UNICODE /Gm /EHsc /RTC1 /MDd /GS /fp:precise /Zc:wchar_t /Zc:forScope /Fo"Debug\\" /Fd"Debug\vc110.pdb" /Gd /TP /analyze- /errorReport:prompt cat.cpp
  cat.cpp
c:\users\user\documents\github\cg_sistemasolar\catmullrom\catmullrom\cat.cpp(104): error C2065: 'camX' : undeclared identifier
c:\users\user\documents\github\cg_sistemasolar\catmullrom\catmullrom\cat.cpp(104): error C2065: 'camY' : undeclared identifier
c:\users\user\documents\github\cg_sistemasolar\catmullrom\catmullrom\cat.cpp(104): error C2065: 'camZ' : undeclared identifier
Done Building Project "C:\Users\User\Documents\GitHub\CG_SistemaSolar\catmullrom\catmullrom\catmullrom.vcxproj" (Build target(s)) -- FAILED.

Build FAILED.

Time Elapsed 00:00:01.12
